Build started 2019-04-25 오후 11:53:05.
     1>Project "C:\8. Codejam\1Round\A\sample\sample\sample.vcxproj" on node 2 (ClCompile target(s)).
     1>ClCompile:
         c:\Program Files (x86)\Microsoft Visual Studio 10.0\VC\bin\CL.exe /c /ZI /nologo /W3 /WX- /Od /Oy- /D WIN32 /D _DEBUG /D _CONSOLE /D _UNICODE /D UNICODE /Gm /EHsc /RTC1 /MDd /GS /fp:precise /Zc:wchar_t /Zc:forScope /Yu"StdAfx.h" /Fp"Debug\sample.pch" /Fo"Debug\\" /Fd"Debug\vc100.pdb" /Gd /TP /analyze- /errorReport:prompt sample.cpp
         sample.cpp
     1>c:\8. codejam\1round\a\sample\sample\sample.cpp(15): error C2470: 'wek' : looks like a function definition, but there is no parameter list; skipping apparent body
     1>c:\8. codejam\1round\a\sample\sample\sample.cpp(21): error C2143: syntax error : missing ',' before ':'
     1>c:\8. codejam\1round\a\sample\sample\sample.cpp(22): error C2143: syntax error : missing ';' before '{'
     1>c:\8. codejam\1round\a\sample\sample\sample.cpp(42): error C3861: 'assert': identifier not found
     1>Done Building Project "C:\8. Codejam\1Round\A\sample\sample\sample.vcxproj" (ClCompile target(s)) -- FAILED.

Build FAILED.

Time Elapsed 00:00:00.16
